TN:
SF:src/event-bus.js
FN:3,EventBus
FN:13,on
FN:35,emit
FN:54,removeAllListeners
FN:68,off
FN:80,_reset
FNF:6
FNH:6
FNDA:14,EventBus
FNDA:21,on
FNDA:12,emit
FNDA:9,removeAllListeners
FNDA:2,off
FNDA:5,_reset
DA:1,1
DA:2,1
DA:3,1
DA:4,14
DA:5,14
DA:7,1
DA:8,1
DA:9,1
DA:10,1
DA:11,1
DA:12,1
DA:13,1
DA:14,21
DA:15,16
DA:16,16
DA:17,21
DA:18,21
DA:19,21
DA:20,4
DA:21,4
DA:22,4
DA:23,4
DA:24,2
DA:25,2
DA:26,4
DA:27,4
DA:28,21
DA:30,1
DA:31,1
DA:32,1
DA:33,1
DA:34,1
DA:35,1
DA:36,12
DA:37,12
DA:38,12
DA:39,6
DA:40,9
DA:41,9
DA:42,9
DA:43,2
DA:44,2
DA:45,2
DA:46,6
DA:47,6
DA:48,12
DA:50,1
DA:51,1
DA:52,1
DA:53,1
DA:54,1
DA:55,9
DA:56,2
DA:57,7
DA:58,7
DA:59,7
DA:60,9
DA:61,1
DA:63,1
DA:64,1
DA:66,1
DA:67,1
DA:68,1
DA:69,2
DA:70,2
DA:71,1
DA:72,1
DA:73,1
DA:74,1
DA:75,1
DA:76,2
DA:77,1
DA:79,1
DA:80,1
DA:82,1
DA:83,1
DA:84,1
DA:85,1
DA:86,1
LF:79
LH:79
BRDA:3,0,0,14
BRDA:13,1,0,21
BRDA:14,2,0,16
BRDA:19,3,0,4
BRDA:23,4,0,2
BRDA:35,5,0,12
BRDA:38,6,0,6
BRDA:39,7,0,9
BRDA:42,8,0,2
BRDA:54,9,0,9
BRDA:55,10,0,7
BRDA:55,11,0,2
BRDA:68,12,0,2
BRDA:70,13,0,1
BRDA:80,14,0,5
BRF:15
BRH:15
end_of_record
TN:
SF:src/event-constants.js
FNF:0
FNH:0
DA:1,1
DA:2,1
DA:3,1
DA:4,1
DA:5,1
DA:6,1
DA:7,1
DA:8,1
DA:9,1
DA:10,1
DA:11,1
DA:12,1
DA:13,1
DA:14,1
DA:15,1
DA:16,1
DA:17,1
DA:18,1
DA:19,1
DA:20,1
DA:21,1
DA:22,1
DA:23,1
DA:24,1
DA:25,1
DA:26,1
DA:27,1
DA:28,1
DA:29,1
DA:30,1
DA:31,1
DA:32,1
DA:33,1
DA:34,1
DA:35,1
DA:36,1
DA:37,1
DA:38,1
DA:39,1
DA:40,1
DA:41,1
DA:42,1
LF:42
LH:42
BRF:0
BRH:0
end_of_record
TN:
SF:src/index.js
FNF:0
FNH:0
DA:1,1
DA:2,1
DA:3,1
DA:4,1
LF:4
LH:4
BRF:0
BRH:0
end_of_record
TN:
SF:src/state-utils.js
FN:6,combineReducers
FN:24,createAction
FNF:2
FNH:2
FNDA:2,combineReducers
FNDA:1,createAction
DA:1,1
DA:3,1
DA:4,1
DA:5,1
DA:6,1
DA:7,2
DA:8,4
DA:9,4
DA:10,4
DA:11,7
DA:12,7
DA:13,7
DA:14,7
DA:15,7
DA:16,7
DA:17,4
DA:18,4
DA:19,2
DA:21,1
DA:22,1
DA:23,1
DA:24,1
DA:25,1
DA:26,1
LF:24
LH:24
BRDA:6,0,0,2
BRDA:7,1,0,4
BRDA:10,2,0,7
BRDA:15,3,0,5
BRDA:17,4,0,3
BRDA:17,5,0,1
BRDA:24,6,0,1
BRDA:25,7,0,1
BRF:8
BRH:8
end_of_record
TN:
SF:src/store.js
FN:9,createStore
FN:13,getState
FN:15,dispatch
FN:22,subscribe
FNF:4
FNH:4
FNDA:4,createStore
FNDA:3,getState
FNDA:4,dispatch
FNDA:2,subscribe
DA:1,1
DA:2,1
DA:3,1
DA:5,1
DA:6,1
DA:7,1
DA:8,1
DA:9,1
DA:10,4
DA:11,4
DA:13,4
DA:15,4
DA:16,4
DA:17,4
DA:18,4
DA:19,4
DA:20,4
DA:22,4
DA:23,2
DA:24,2
DA:25,1
DA:26,1
DA:27,2
DA:29,4
DA:30,4
DA:32,4
DA:33,4
DA:34,4
DA:35,4
DA:36,4
DA:37,4
DA:39,1
DA:40,1
DA:41,1
DA:42,1
DA:43,1
LF:36
LH:36
BRDA:9,0,0,4
BRDA:13,1,0,3
BRDA:15,2,0,4
BRDA:17,3,0,1
BRDA:22,4,0,2
BRDA:24,5,0,1
BRF:6
BRH:6
end_of_record
